# JRE version: Java(TM) SE Runtime Environment (8.0_144-b01) (build 1.8.0_144-b01)
# Java VM: Java HotSpot(TM) 64-Bit Server VM (25.144-b01 mixed mode windows-amd64 compressed oops)
Heap:
 PSYoungGen      total 175104K, used 22994K [0x00000000eab00000, 0x00000000f7a00000, 0x0000000100000000)
  eden space 166912K, 13% used [0x00000000eab00000,0x00000000ec174960,0x00000000f4e00000)
  from space 8192K, 0% used [0x00000000f4e00000,0x00000000f4e00000,0x00000000f5600000)
  to   space 22528K, 0% used [0x00000000f6400000,0x00000000f6400000,0x00000000f7a00000)
 ParOldGen       total 160768K, used 76770K [0x00000000c0000000, 0x00000000c9d00000, 0x00000000eab00000)
  object space 160768K, 47% used [0x00000000c0000000,0x00000000c4af88c8,0x00000000c9d00000)
 Metaspace       used 84446K, capacity 90372K, committed 90496K, reserved 1128448K
  class space    used 11164K, capacity 12119K, committed 12160K, reserved 1048576K
GC Heap History (10 events):
Event: 24321.737 GC heap before
{Heap before GC invocations=77 (full 20):
 PSYoungGen      total 185856K, used 160768K [0x00000000eab00000, 0x00000000f7b00000, 0x0000000100000000)
  eden space 160768K, 100% used [0x00000000eab00000,0x00000000f4800000,0x00000000f4800000)
  from space 25088K, 0% used [0x00000000f6280000,0x00000000f6280000,0x00000000f7b00000)
  to   space 26112K, 0% used [0x00000000f4800000,0x00000000f4800000,0x00000000f6180000)
 ParOldGen       total 76800K, used 69562K [0x00000000c0000000, 0x00000000c4b00000, 0x00000000eab00000)
  object space 76800K, 90% used [0x00000000c0000000,0x00000000c43ee9d8,0x00000000c4b00000)
 Metaspace       used 83382K, capacity 88890K, committed 89216K, reserved 1126400K
  class space    used 10995K, capacity 11842K, committed 11904K, reserved 1048576K
Event: 24321.759 GC heap after
Heap after GC invocations=77 (full 20):
 PSYoungGen      total 186880K, used 1952K [0x00000000eab00000, 0x00000000f7f80000, 0x0000000100000000)
  eden space 160768K, 0% used [0x00000000eab00000,0x00000000eab00000,0x00000000f4800000)
  from space 26112K, 7% used [0x00000000f4800000,0x00000000f49e8040,0x00000000f6180000)
  to   space 25600K, 0% used [0x00000000f6680000,0x00000000f6680000,0x00000000f7f80000)
 ParOldGen       total 76800K, used 69570K [0x00000000c0000000, 0x00000000c4b00000, 0x00000000eab00000)
  object space 76800K, 90% used [0x00000000c0000000,0x00000000c43f09d8,0x00000000c4b00000)
 Metaspace       used 83382K, capacity 88890K, committed 89216K, reserved 1126400K
  class space    used 10995K, capacity 11842K, committed 11904K, reserved 1048576K
}
Event: 24335.524 GC heap before
{Heap before GC invocations=78 (full 20):
 PSYoungGen      total 186880K, used 162720K [0x00000000eab00000, 0x00000000f7f80000, 0x0000000100000000)
  eden space 160768K, 100% used [0x00000000eab00000,0x00000000f4800000,0x00000000f4800000)
  from space 26112K, 7% used [0x00000000f4800000,0x00000000f49e8040,0x00000000f6180000)
  to   space 25600K, 0% used [0x00000000f6680000,0x00000000f6680000,0x00000000f7f80000)
 ParOldGen       total 76800K, used 69570K [0x00000000c0000000, 0x00000000c4b00000, 0x00000000eab00000)
  object space 76800K, 90% used [0x00000000c0000000,0x00000000c43f09d8,0x00000000c4b00000)
 Metaspace       used 83619K, capacity 89306K, committed 89472K, reserved 1126400K
  class space    used 11031K, capacity 11883K, committed 11904K, reserved 1048576K
Event: 24335.568 GC heap after
Heap after GC invocations=78 (full 20):
 PSYoungGen      total 189952K, used 5658K [0x00000000eab00000, 0x00000000f7d00000, 0x0000000100000000)
  eden space 166912K, 0% used [0x00000000eab00000,0x00000000eab00000,0x00000000f4e00000)
  from space 23040K, 24% used [0x00000000f6680000,0x00000000f6c06bb0,0x00000000f7d00000)
  to   space 24064K, 0% used [0x00000000f4e00000,0x00000000f4e00000,0x00000000f6580000)
 ParOldGen       total 76800K, used 69570K [0x00000000c0000000, 0x00000000c4b00000, 0x00000000eab00000)
  object space 76800K, 90% used [0x00000000c0000000,0x00000000c43f09d8,0x00000000c4b00000)
 Metaspace       used 83619K, capacity 89306K, committed 89472K, reserved 1126400K
  class space    used 11031K, capacity 11883K, committed 11904K, reserved 1048576K
}
Event: 24342.551 GC heap before
{Heap before GC invocations=79 (full 20):
 PSYoungGen      total 189952K, used 71877K [0x00000000eab00000, 0x00000000f7d00000, 0x0000000100000000)
  eden space 166912K, 39% used [0x00000000eab00000,0x00000000eebaabf0,0x00000000f4e00000)
  from space 23040K, 24% used [0x00000000f6680000,0x00000000f6c06bb0,0x00000000f7d00000)
  to   space 24064K, 0% used [0x00000000f4e00000,0x00000000f4e00000,0x00000000f6580000)
 ParOldGen       total 76800K, used 69570K [0x00000000c0000000, 0x00000000c4b00000, 0x00000000eab00000)
  object space 76800K, 90% used [0x00000000c0000000,0x00000000c43f09d8,0x00000000c4b00000)
 Metaspace       used 84365K, capacity 90288K, committed 90496K, reserved 1128448K
  class space    used 11159K, capacity 12077K, committed 12160K, reserved 1048576K
Event: 24342.607 GC heap after
Heap after GC invocations=79 (full 20):
 PSYoungGen      total 175104K, used 7836K [0x00000000eab00000, 0x00000000f7a00000, 0x0000000100000000)
  eden space 166912K, 0% used [0x00000000eab00000,0x00000000eab00000,0x00000000f4e00000)
  from space 8192K, 95% used [0x00000000f4e00000,0x00000000f55a71d8,0x00000000f5600000)
  to   space 22528K, 0% used [0x00000000f6400000,0x00000000f6400000,0x00000000f7a00000)
 ParOldGen       total 76800K, used 69578K [0x00000000c0000000, 0x00000000c4b00000, 0x00000000eab00000)
  object space 76800K, 90% used [0x00000000c0000000,0x00000000c43f29d8,0x00000000c4b00000)
 Metaspace       used 84365K, capacity 90288K, committed 90496K, reserved 1128448K
  class space    used 11159K, capacity 12077K, committed 12160K, reserved 1048576K
}
Event: 24342.607 GC heap before
{Heap before GC invocations=80 (full 21):
 PSYoungGen      total 175104K, used 7836K [0x00000000eab00000, 0x00000000f7a00000, 0x0000000100000000)
  eden space 166912K, 0% used [0x00000000eab00000,0x00000000eab00000,0x00000000f4e00000)
  from space 8192K, 95% used [0x00000000f4e00000,0x00000000f55a71d8,0x00000000f5600000)
  to   space 22528K, 0% used [0x00000000f6400000,0x00000000f6400000,0x00000000f7a00000)
 ParOldGen       total 76800K, used 69578K [0x00000000c0000000, 0x00000000c4b00000, 0x00000000eab00000)
  object space 76800K, 90% used [0x00000000c0000000,0x00000000c43f29d8,0x00000000c4b00000)
 Metaspace       used 84365K, capacity 90288K, committed 90496K, reserved 1128448K
  class space    used 11159K, capacity 12077K, committed 12160K, reserved 1048576K
Event: 24345.654 GC heap after
Heap after GC invocations=80 (full 21):
 PSYoungGen      total 175104K, used 0K [0x00000000eab00000, 0x00000000f7a00000, 0x0000000100000000)
  eden space 166912K, 0% used [0x00000000eab00000,0x00000000eab00000,0x00000000f4e00000)
  from space 8192K, 0% used [0x00000000f4e00000,0x00000000f4e00000,0x00000000f5600000)
  to   space 22528K, 0% used [0x00000000f6400000,0x00000000f6400000,0x00000000f7a00000)
 ParOldGen       total 76800K, used 75198K [0x00000000c0000000, 0x00000000c4b00000, 0x00000000eab00000)
  object space 76800K, 97% used [0x00000000c0000000,0x00000000c496fbc8,0x00000000c4b00000)
 Metaspace       used 84271K, capacity 90068K, committed 90496K, reserved 1128448K
  class space    used 11131K, capacity 12049K, committed 12160K, reserved 1048576K
}
Event: 24414.999 GC heap before
{Heap before GC invocations=81 (full 22):
 PSYoungGen      total 175104K, used 166912K [0x00000000eab00000, 0x00000000f7a00000, 0x0000000100000000)
  eden space 166912K, 100% used [0x00000000eab00000,0x00000000f4e00000,0x00000000f4e00000)
  from space 8192K, 0% used [0x00000000f4e00000,0x00000000f4e00000,0x00000000f5600000)
  to   space 22528K, 0% used [0x00000000f6400000,0x00000000f6400000,0x00000000f7a00000)
 ParOldGen       total 76800K, used 75198K [0x00000000c0000000, 0x00000000c4b00000, 0x00000000eab00000)
  object space 76800K, 97% used [0x00000000c0000000,0x00000000c496fbc8,0x00000000c4b00000)
 Metaspace       used 84435K, capacity 90372K, committed 90496K, reserved 1128448K
  class space    used 11163K, capacity 12119K, committed 12160K, reserved 1048576K
Event: 24417.970 GC heap after
Heap after GC invocations=81 (full 22):
 PSYoungGen      total 175104K, used 10988K [0x00000000eab00000, 0x00000000f7a00000, 0x0000000100000000)
  eden space 166912K, 6% used [0x00000000eab00000,0x00000000eb5bb290,0x00000000f4e00000)
  from space 8192K, 0% used [0x00000000f4e00000,0x00000000f4e00000,0x00000000f5600000)
  to   space 22528K, 0% used [0x00000000f6400000,0x00000000f6400000,0x00000000f7a00000)
 ParOldGen       total 160768K, used 76770K [0x00000000c0000000, 0x00000000c9d00000, 0x00000000eab00000)
  object space 160768K, 47% used [0x00000000c0000000,0x00000000c4af88c8,0x00000000c9d00000)
 Metaspace       used 84435K, capacity 90372K, committed 90496K, reserved 1128448K
  class space    used 11163K, capacity 12119K, committed 12160K, reserved 1048576K
}

